s:\documents\github\contxt_icons\contexticons\x64\release\vc142.pdb
s:\documents\github\contxt_icons\contexticons\x64\release\contexticons_i.obj
s:\documents\github\contxt_icons\contexticons\x64\release\dllmain.obj
s:\documents\github\contxt_icons\contexticons\x64\release\contexticons.pch
s:\documents\github\contxt_icons\contexticons\x64\release\stdafx.obj
s:\documents\github\contxt_icons\contexticons\x64\release\contexticons.obj
s:\documents\github\contxt_icons\contexticons\x64\release\contexticons.lib
s:\documents\github\contxt_icons\contexticons\x64\release\contexticons.exp
s:\documents\github\contxt_icons\contexticons\x64\release\contexticons.tlb
s:\documents\github\contxt_icons\contexticons\contexticons_p.c
s:\documents\github\contxt_icons\contexticons\contexticons_i.c
s:\documents\github\contxt_icons\contexticons\contexticons_i.h
s:\documents\github\contxt_icons\contexticons\x64\release\contexticons.res
s:\documents\github\contxt_icons\contexticons\x64\release\contexticons.pdb
s:\documents\github\contxt_icons\contexticons\x64\release\contexticons.dll
s:\documents\github\contxt_icons\contexticons\x64\release\contexticons.tlog\cl.command.1.tlog
s:\documents\github\contxt_icons\contexticons\x64\release\contexticons.tlog\cl.read.1.tlog
s:\documents\github\contxt_icons\contexticons\x64\release\contexticons.tlog\cl.write.1.tlog
s:\documents\github\contxt_icons\contexticons\x64\release\contexticons.tlog\contexticons.write.1u.tlog
s:\documents\github\contxt_icons\contexticons\x64\release\contexticons.tlog\link.command.1.tlog
s:\documents\github\contxt_icons\contexticons\x64\release\contexticons.tlog\link.read.1.tlog
s:\documents\github\contxt_icons\contexticons\x64\release\contexticons.tlog\link.write.1.tlog
s:\documents\github\contxt_icons\contexticons\x64\release\contexticons.tlog\midl.command.1.tlog
s:\documents\github\contxt_icons\contexticons\x64\release\contexticons.tlog\midl.read.1.tlog
s:\documents\github\contxt_icons\contexticons\x64\release\contexticons.tlog\midl.write.1.tlog
s:\documents\github\contxt_icons\contexticons\x64\release\contexticons.tlog\rc.command.1.tlog
s:\documents\github\contxt_icons\contexticons\x64\release\contexticons.tlog\rc.read.1.tlog
s:\documents\github\contxt_icons\contexticons\x64\release\contexticons.tlog\rc.write.1.tlog
